<?xml version="1.0" encoding="UTF-8"?>
<!-- Generated by org.testng.reporters.JUnitReportReporter -->
<testsuite hostname="juis-air.lan" failures="0" tests="2" name="com.regression.OnlinebankingRunner" time="24.846" errors="0" timestamp="2023-07-04T11:00:01 EDT" skipped="0">
  <testcase classname="com.regression.OnlinebankingRunner" name="runScenario" time="2.618"/>
  <system-out/>
  <testcase classname="com.regression.OnlinebankingRunner" name="runScenario" time="22.228"/>
  <system-out/>
</testsuite> <!-- com.regression.OnlinebankingRunner -->
