<?xml version="1.0" encoding="UTF-8"?>
<!-- Generated by org.testng.reporters.JUnitReportReporter -->
<testsuite hostname="juis-air.lan" failures="0" tests="2" name="com.regression.OnlinebankingRunner" time="12.376" errors="0" timestamp="2023-07-07T15:09:08 EDT" skipped="0">
  <testcase classname="com.regression.OnlinebankingRunner" name="runScenario" time="9.801"/>
  <system-out/>
  <testcase classname="com.regression.OnlinebankingRunner" name="runScenario" time="2.575"/>
  <system-out/>
</testsuite> <!-- com.regression.OnlinebankingRunner -->
