<?xml version="1.0" encoding="UTF-8"?>
<!-- Generated by org.testng.reporters.JUnitReportReporter -->
<testsuite hostname="juis-air.lan" failures="0" tests="2" name="com.regression.OnlinebankingRunner" time="11.683" errors="0" timestamp="2023-07-04T11:06:07 EDT" skipped="0">
  <testcase classname="com.regression.OnlinebankingRunner" name="runScenario" time="3.342"/>
  <system-out/>
  <testcase classname="com.regression.OnlinebankingRunner" name="runScenario" time="8.341"/>
  <system-out/>
</testsuite> <!-- com.regression.OnlinebankingRunner -->
